***Starting server on port 9999 ***
Loading net-file from 'mf_base.net.xml'... done (30ms).
Loading additional-files from 'mf_base.polygon.xml'... done (1ms).
Loading done.
Simulation started with time: 0.00
Simulation ended at time: 30.10
Reason: TraCI requested termination.
Performance: 
 Duration: 13358ms
 Real time factor: 2.25333
 UPS: 0.000000
Vehicles: 
 Inserted: 0
 Running: 0
 Waiting: 0
Persons: 
 Inserted: 3
 Running: 3

DijkstraRouter answered 3 queries and explored 8.00 edges on average.
DijkstraRouter spent 0ms answering queries (0.00ms on average).
